Arguments: 
  /Applications/Framer X.app/Contents/Resources/Node/bin/node /Applications/Framer X.app/Contents/Resources/Server/node_modules/yarn/lib/cli.js outdated --cwd /Users/lincolnmitchell/INC/Interfaces/text.framerfx --skip-integrity-check --cache-folder /Users/lincolnmitchell/Library/Caches/Framer/yarn/cache --mutex file:/Users/lincolnmitchell/Library/Caches/Framer/yarn/mutex --json

PATH: 
  /usr/bin:/bin:/usr/sbin:/sbin

Yarn version: 
  1.9.4

Node version: 
  10.13.0

Platform: 
  darwin x64

Trace: 
  SyntaxError: /Users/lincolnmitchell/INC/Interfaces/text.framerfx/package.json: Unexpected token / in JSON at position 332
      at JSON.parse (<anonymous>)
      at /Applications/Framer X.app/Contents/Resources/Server/node_modules/yarn/lib/cli.js:1130:59
      at Generator.next (<anonymous>)
      at step (/Applications/Framer X.app/Contents/Resources/Server/node_modules/yarn/lib/cli.js:92:30)
      at /Applications/Framer X.app/Contents/Resources/Server/node_modules/yarn/lib/cli.js:103:13

npm manifest: 
  {
  	"main": "dist/index.js",
  	"license": "MIT",
  	"devDependencies": {
  		"@types/react": "^16.4.16",
  		"framer": "^0.10.1"
  	},
  	"peerDependencies": {
  		"framer": "^0.10.1",
  		"react": "^16.3.0",
  		"react-dom": "^16.3.0"
  	},
  	"framer": {
  		"id": "b18abae1-b23e-4534-afdc-7af53b07776b"
  	},
  	"author": "Linc Mitch",
  	"dependencies": {
  		// "rmwc": "^4.0.1"
  	}
  }

yarn manifest: 
  No manifest

Lockfile: 
  # THIS IS AN AUTOGENERATED FILE. DO NOT EDIT THIS FILE DIRECTLY.
  # yarn lockfile v1
  
  
  "@types/prop-types@*":
    version "15.5.6"
    resolved "https://registry.yarnpkg.com/@types/prop-types/-/prop-types-15.5.6.tgz#9c03d3fed70a8d517c191b7734da2879b50ca26c"
  
  "@types/react@^16.4.16":
    version "16.4.16"
    resolved "https://registry.yarnpkg.com/@types/react/-/react-16.4.16.tgz#99f91b1200ae8c2062030402006d3b3c3a177043"
    dependencies:
      "@types/prop-types" "*"
      csstype "^2.2.0"
  
  csstype@^2.2.0:
    version "2.5.5"
    resolved "https://registry.yarnpkg.com/csstype/-/csstype-2.5.5.tgz#4125484a3d42189a863943f23b9e4b80fedfa106"
  
  framer@^0.10.1:
    version "0.10.1"
    resolved "https://registry.yarnpkg.com/framer/-/framer-0.10.1.tgz#c543e0435f12971dc9c3cfab79c6f1f316261b6f"
